<?xml version="1.0" encoding="UTF-8"?>
<testsuite name="DemoTest" tests="1" skipped="0" failures="0" errors="0" timestamp="2022-06-18T06:37:04" hostname="Lalits-MacBook-Air.local" time="0.021">
  <properties/>
  <testcase name="testDemo()" classname="DemoTest" time="0.021"/>
  <system-out><![CDATA[Test JUnit
]]></system-out>
  <system-err><![CDATA[]]></system-err>
</testsuite>
